c:\users\hyojeong\source\repos\hjyu94\cpp-game\cpp-game\debug\vc140.pdb
c:\users\hyojeong\source\repos\hjyu94\cpp-game\cpp-game\debug\vc140.idb
c:\users\hyojeong\source\repos\hjyu94\cpp-game\cpp-game\debug\38 미로 게임.obj
c:\users\hyojeong\source\repos\hjyu94\cpp-game\cpp-game\debug\01 비트 연산자 쉬프트 연산자.obj
c:\users\hyojeong\source\repos\hjyu94\cpp-game\cpp-game\debug\0105.obj
c:\users\hyojeong\source\repos\hjyu94\cpp-game\cpp-game\debug\02 난수.obj
c:\users\hyojeong\source\repos\hjyu94\cpp-game\cpp-game\debug\31 포인터 배열.obj
c:\users\hyojeong\source\repos\hjyu94\cpp-game\cpp-game\debug\구조체 - 도서 관리 프로그램.obj
c:\users\hyojeong\source\repos\hjyu94\cpp-game\cpp-game\debug\구조체와 문자열.obj
c:\users\hyojeong\source\repos\hjyu94\cpp-game\cpp-game\debug\소스1.obj
c:\users\hyojeong\source\repos\hjyu94\cpp-game\cpp-game\debug\cpp-game.ilk
c:\users\hyojeong\source\repos\hjyu94\cpp-game\cpp-game\debug\exercise.ilk
c:\users\hyojeong\source\repos\hjyu94\cpp-game\cpp-game\debug\cpp-game.pdb
c:\users\hyojeong\source\repos\hjyu94\cpp-game\cpp-game\debug\exercise.pdb
c:\users\hyojeong\source\repos\hjyu94\cpp-game\cpp-game\debug\exercise.exe
c:\users\hyojeong\source\repos\hjyu94\cpp-game\cpp-game\debug\exercise.tlog\cl.command.1.tlog
c:\users\hyojeong\source\repos\hjyu94\cpp-game\cpp-game\debug\exercise.tlog\cl.read.1.tlog
c:\users\hyojeong\source\repos\hjyu94\cpp-game\cpp-game\debug\exercise.tlog\cl.write.1.tlog
c:\users\hyojeong\source\repos\hjyu94\cpp-game\cpp-game\debug\exercise.tlog\link.command.1.tlog
c:\users\hyojeong\source\repos\hjyu94\cpp-game\cpp-game\debug\exercise.tlog\link.read.1.tlog
c:\users\hyojeong\source\repos\hjyu94\cpp-game\cpp-game\debug\exercise.tlog\link.write.1.tlog
